\BOOKMARK [0][-]{part.1}{I Problem Environment}{}% 1
\BOOKMARK [1][-]{section*.1}{Problem Environment}{part.1}% 2
\BOOKMARK [2][-]{subsection*.2}{Potential Pitfalls and Problems}{section*.1}% 3
\BOOKMARK [3][-]{subsubsection*.3}{Lack of Conditionals}{subsection*.2}% 4
\BOOKMARK [1][-]{section*.4}{Alternate 'problem' Environments}{part.1}% 5
\BOOKMARK [1][-]{section*.5}{Alternative Problem Environments}{part.1}% 6
\BOOKMARK [0][-]{part.2}{II Answer Types}{}% 7
\BOOKMARK [1][-]{section*.6}{answerBox}{part.2}% 8
\BOOKMARK [1][-]{section*.7}{multipleChoice}{part.2}% 9
\BOOKMARK [1][-]{section*.8}{selectAll}{part.2}% 10
\BOOKMARK [1][-]{section*.9}{wordChoice}{part.2}% 11
\BOOKMARK [0][-]{part.3}{III Supplemental Features}{}% 12
\BOOKMARK [1][-]{section*.10}{Feedback}{part.3}% 13
\BOOKMARK [1][-]{section*.11}{Hints}{part.3}% 14
\BOOKMARK [1][-]{section*.12}{Hiding Answers}{part.3}% 15
\BOOKMARK [1][-]{section*.13}{Expandable Content}{part.3}% 16
\BOOKMARK [1][-]{section*.14}{Footnotes}{part.3}% 17
\BOOKMARK [1][-]{section*.15}{YouTube Embeddings}{part.3}% 18
\BOOKMARK [1][-]{section*.16}{Desmos Embeddings}{part.3}% 19
\BOOKMARK [0][-]{part.4}{IV Advanced Content}{}% 20
\BOOKMARK [1][-]{section*.17}{14 Randomized Content}{part.4}% 21
\BOOKMARK [2][-]{section*.18}{14.1 Using Sage}{section*.17}% 22
\BOOKMARK [1][-]{section*.19}{What is Sage?}{part.4}% 23
\BOOKMARK [1][-]{section*.20}{Using Sage Locally}{part.4}% 24
\BOOKMARK [2][-]{subsection*.21}{Where to get Sage?}{section*.20}% 25
\BOOKMARK [2][-]{subsection*.22}{How to use Sage}{section*.20}% 26
\BOOKMARK [2][-]{subsection*.23}{How to Compile LaTeX with Sage}{section*.20}% 27
\BOOKMARK [1][-]{section*.24}{Using Sage Non-Locally}{part.4}% 28
\BOOKMARK [2][-]{subsection*.25}{Testing Sage Code}{section*.24}% 29
\BOOKMARK [1][-]{section*.26}{If you want to publish/edit locally}{part.4}% 30
\BOOKMARK [2][-]{section*.27}{14.2 Sage and Ximera}{section*.26}% 31
\BOOKMARK [1][-]{section*.28}{How to Write Sage in LaTeX}{part.4}% 32
\BOOKMARK [2][-]{subsection*.29}{Phase One}{section*.28}% 33
\BOOKMARK [2][-]{subsection*.30}{Phase Two}{section*.28}% 34
\BOOKMARK [2][-]{subsection*.31}{Example}{section*.28}% 35
\BOOKMARK [1][-]{section*.32}{Potential Pitfalls and Problems}{part.4}% 36
\BOOKMARK [2][-]{subsection*.33}{Composition is a little weird}{section*.32}% 37
\BOOKMARK [2][-]{subsection*.34}{Ximera processes all the Sage code fully before being populated}{section*.32}% 38
\BOOKMARK [2][-]{subsection*.35}{Strings are tricky to get Ximera to accept...}{section*.32}% 39
\BOOKMARK [2][-]{section*.36}{14.3 Randomizing with Sage}{section*.32}% 40
\BOOKMARK [1][-]{section*.37}{Details when using Randomized Content with Sage}{part.4}% 41
\BOOKMARK [2][-]{subsection*.38}{How the 'Try Another' button works}{section*.37}% 42
\BOOKMARK [1][-]{section*.39}{Useful Sage Reference Links}{part.4}% 43
\BOOKMARK [1][-]{section*.40}{Common Functions to Use}{part.4}% 44
\BOOKMARK [2][-]{subsection*.41}{RandInt}{section*.40}% 45
\BOOKMARK [2][-]{subsection*.42}{NonZeroInt}{section*.40}% 46
\BOOKMARK [2][-]{subsection*.43}{Example}{section*.40}% 47
\BOOKMARK [2][-]{section*.44}{14.4 Randomizing Problem Order}{section*.40}% 48
\BOOKMARK [1][-]{section*.45}{The problem...}{part.4}% 49
\BOOKMARK [1][-]{section*.46}{Example}{part.4}% 50
\BOOKMARK [1][-]{section*.47}{The Code}{part.4}% 51
\BOOKMARK [2][-]{subsection*.48}{How the code works}{section*.47}% 52
\BOOKMARK [2][-]{subsection*.49}{The Code Itself}{section*.47}% 53
\BOOKMARK [2][-]{section*.50}{14.5 Randomized Graphing}{section*.47}% 54
\BOOKMARK [1][-]{section*.51}{15 Complex Validation}{part.4}% 55
\BOOKMARK [2][-]{subsection*.52}{Methods of Validation}{section*.51}% 56
\BOOKMARK [2][-]{section*.53}{15.1 Validation Types}{section*.51}% 57
\BOOKMARK [0][-]{part.5}{V Existing Custom Validators}{}% 58
\BOOKMARK [1][-]{section*.54}{15.2 isPositive}{part.5}% 59
\BOOKMARK [2][-]{section*.55}{15.3 sameParity}{section*.54}% 60
\BOOKMARK [2][-]{section*.56}{15.4 caseInsensitive}{section*.54}% 61
\BOOKMARK [2][-]{section*.57}{15.5 sameDerivative}{section*.54}% 62
\BOOKMARK [1][-]{section*.58}{The Problem}{part.5}% 63
\BOOKMARK [1][-]{section*.59}{Potential Pitfalls and Problems}{part.5}% 64
\BOOKMARK [2][-]{subsection*.60}{Letters like Arbitrary Constants are treated like Variables}{section*.59}% 65
\BOOKMARK [1][-]{section*.61}{Example}{part.5}% 66
\BOOKMARK [1][-]{section*.62}{The Code}{part.5}% 67
\BOOKMARK [2][-]{section*.63}{15.6 factorCheck}{section*.62}% 68
\BOOKMARK [2][-]{section*.64}{15.7 samePlane}{section*.62}% 69
\BOOKMARK [2][-]{section*.65}{15.8 Numeric Targeted Feedback}{section*.62}% 70
\BOOKMARK [0][-]{part.6}{VI Question Design}{}% 71
\BOOKMARK [1][-]{section*.66}{15.9 Interval Answer Formats}{part.6}% 72
\BOOKMARK [2][-]{section*.67}{15.10 Interval Answer Formats}{section*.66}% 73
\BOOKMARK [2][-]{section*.68}{15.11 Randomized Multiple Choice}{section*.66}% 74
\BOOKMARK [2][-]{section*.69}{15.12 Equalities with Radicals}{section*.66}% 75
\BOOKMARK [1][-]{section*.70}{The Finished Product}{part.6}% 76
\BOOKMARK [1][-]{section*.71}{The magic}{part.6}% 77
\BOOKMARK [2][-]{section*.72}{15.13 Cubic with Two Factorable Derivatives}{section*.71}% 78
\BOOKMARK [1][-]{section*.73}{The Problem}{part.6}% 79
\BOOKMARK [1][-]{section*.74}{The Result}{part.6}% 80
\BOOKMARK [1][-]{section*.75}{The Magic}{part.6}% 81
